[debug] [2024-01-07T09:11:22.835Z] ----------------------------------------------------------------------
[debug] [2024-01-07T09:11:22.837Z] Command:       C:\Program Files\nodejs\node.exe C:\Users\Lenovo Legion 5\AppData\Roaming\npm\node_modules\firebase-tools\lib\bin\firebase.js init
[debug] [2024-01-07T09:11:22.837Z] CLI Version:   13.0.2
[debug] [2024-01-07T09:11:22.837Z] Platform:      win32
[debug] [2024-01-07T09:11:22.837Z] Node Version:  v18.14.0
[debug] [2024-01-07T09:11:22.838Z] Time:          Sun Jan 07 2024 16:11:22 GMT+0700 (Indochina Time)
[debug] [2024-01-07T09:11:22.838Z] ----------------------------------------------------------------------
[debug] 
[debug] [2024-01-07T09:11:22.843Z] > command requires scopes: ["email","openid","https://www.googleapis.com/auth/cloudplatformprojects.readonly","https://www.googleapis.com/auth/firebase","https://www.googleapis.com/auth/cloud-platform"]
[debug] [2024-01-07T09:11:22.843Z] > authorizing via signed-in user (okvadimas@gmail.com)
[info] 
     ######## #### ########  ######## ########     ###     ######  ########
     ##        ##  ##     ## ##       ##     ##  ##   ##  ##       ##
     ######    ##  ########  ######   ########  #########  ######  ######
     ##        ##  ##    ##  ##       ##     ## ##     ##       ## ##
     ##       #### ##     ## ######## ########  ##     ##  ######  ########

You're about to initialize a Firebase project in this directory:

  C:\laragon\www\wedding-firebase

Before we get started, keep in mind:

  * You are currently outside your home directory

[info] 
=== Project Setup
[info] 
[info] First, let's associate this project directory with a Firebase project.
[info] You can create multiple project aliases by running firebase use --add, 
[info] but for now we'll just set up a default project.
[info] 
[debug] [2024-01-07T09:13:47.319Z] >>> [apiv2][query] GET https://firebase.googleapis.com/v1beta1/projects pageSize=100
[debug] [2024-01-07T09:13:48.435Z] <<< [apiv2][status] GET https://firebase.googleapis.com/v1beta1/projects 200
[debug] [2024-01-07T09:13:48.435Z] <<< [apiv2][body] GET https://firebase.googleapis.com/v1beta1/projects [omitted]
[info] i  Using project forwedding-1bdc1 (forwedding) 
[info] 
=== Hosting Setup
[debug] [2024-01-07T09:13:51.101Z] >>> [apiv2][query] GET https://firebase.googleapis.com/v1beta1/projects/forwedding-1bdc1 [none]
[debug] [2024-01-07T09:13:51.625Z] <<< [apiv2][status] GET https://firebase.googleapis.com/v1beta1/projects/forwedding-1bdc1 200
[debug] [2024-01-07T09:13:51.625Z] <<< [apiv2][body] GET https://firebase.googleapis.com/v1beta1/projects/forwedding-1bdc1 {"projectId":"forwedding-1bdc1","projectNumber":"304350028232","displayName":"forwedding","name":"projects/forwedding-1bdc1","resources":{"hostingSite":"forwedding-1bdc1"},"state":"ACTIVE","etag":"1_8ca5873a-85d8-4d24-92d5-b1541a60c237"}
[info] 
[info] Your public directory is the folder (relative to your project directory) that
[info] will contain Hosting assets to be uploaded with firebase deploy. If you
[info] have a build process for your assets, use your build's output directory.
[info] 
[debug] [2024-01-07T09:14:19.244Z] >>> [apiv2][query] GET https://www.gstatic.com/firebasejs/releases.json [none]
[debug] [2024-01-07T09:14:19.564Z] <<< [apiv2][status] GET https://www.gstatic.com/firebasejs/releases.json 200
[debug] [2024-01-07T09:14:19.564Z] <<< [apiv2][body] GET https://www.gstatic.com/firebasejs/releases.json {"current":{"version":"10.7.1","browserURL":"https://www.gstatic.com/firebasejs/10.7.1/firebase.js","packageURL":"https://www.gstatic.com/firebasejs/10.7.1/firebase.tgz"},"live":{"version":"10.7","browserURL":"https://www.gstatic.com/firebasejs/live/10.7/firebase.js","packageURL":"https://www.gstatic.com/firebasejs/live/10.7/firebase.tgz"},"components":{"analytics":"https://www.gstatic.com/firebasejs/10.7.1/firebase-analytics.js","app":"https://www.gstatic.com/firebasejs/10.7.1/firebase-app.js","app-check":"https://www.gstatic.com/firebasejs/10.7.1/firebase-app-check.js","auth":"https://www.gstatic.com/firebasejs/10.7.1/firebase-auth.js","auth/cordova":"https://www.gstatic.com/firebasejs/10.7.1/firebase-auth/cordova.js","functions":"https://www.gstatic.com/firebasejs/10.7.1/firebase-functions.js","firestore":"https://www.gstatic.com/firebasejs/10.7.1/firebase-firestore.js","firestore/lite":"https://www.gstatic.com/firebasejs/10.7.1/firebase-firestore/lite.js","installations":"https://www.gstatic.com/firebasejs/10.7.1/firebase-installations.js","storage":"https://www.gstatic.com/firebasejs/10.7.1/firebase-storage.js","performance":"https://www.gstatic.com/firebasejs/10.7.1/firebase-performance.js","remote-config":"https://www.gstatic.com/firebasejs/10.7.1/firebase-remote-config.js","messaging":"https://www.gstatic.com/firebasejs/10.7.1/firebase-messaging.js","messaging/sw":"https://www.gstatic.com/firebasejs/10.7.1/firebase-messaging/sw.js","database":"https://www.gstatic.com/firebasejs/10.7.1/firebase-database.js","firestore.memory":"https://www.gstatic.com/firebasejs/10.7.1/firebase-firestore.memory.js"}}
[info] +  Wrote public/index.html 
[info] 
[info] i  Didn't detect a .git folder. Assuming C:\laragon\www\wedding-firebase is the project root. 
[info] i  Authorizing with GitHub to upload your service account to a GitHub repository's secrets store. 
[info] 
[info] Visit this URL on this device to log in:
[info] https://github.com/login/oauth/authorize?client_id=89cf50f02ac6aaed3484&state=1001914721&redirect_uri=http%3A%2F%2Flocalhost%3A9005&scope=read%3Auser%20repo%20public_repo
[info] 
[info] Waiting for authentication...
[debug] [2024-01-07T09:14:47.460Z] >>> [apiv2][query] POST https://github.com/login/oauth/access_token [none]
[debug] [2024-01-07T09:14:47.460Z] >>> [apiv2][body] POST https://github.com/login/oauth/access_token [stream]
[debug] [2024-01-07T09:14:48.090Z] <<< [apiv2][status] POST https://github.com/login/oauth/access_token 200
[debug] [2024-01-07T09:14:48.090Z] <<< [apiv2][body] POST https://github.com/login/oauth/access_token {"access_token":"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","token_type":"bearer","scope":"read:user,repo"}
[debug] [2024-01-07T09:14:48.094Z] >>> [apiv2][query] GET https://api.github.com/user [none]
[debug] [2024-01-07T09:14:48.645Z] <<< [apiv2][status] GET https://api.github.com/user 200
[debug] [2024-01-07T09:14:48.645Z] <<< [apiv2][body] GET https://api.github.com/user {"login":"Okvadimas","id":50649572,"node_id":"MDQ6VXNlcjUwNjQ5NTcy","avatar_url":"https://avatars.githubusercontent.com/u/50649572?v=4","gravatar_id":"","url":"https://api.github.com/users/Okvadimas","html_url":"https://github.com/Okvadimas","followers_url":"https://api.github.com/users/Okvadimas/followers","following_url":"https://api.github.com/users/Okvadimas/following{/other_user}","gists_url":"https://api.github.com/users/Okvadimas/gists{/gist_id}","starred_url":"https://api.github.com/users/Okvadimas/starred{/owner}{/repo}","subscriptions_url":"https://api.github.com/users/Okvadimas/subscriptions","organizations_url":"https://api.github.com/users/Okvadimas/orgs","repos_url":"https://api.github.com/users/Okvadimas/repos","events_url":"https://api.github.com/users/Okvadimas/events{/privacy}","received_events_url":"https://api.github.com/users/Okvadimas/received_events","type":"User","site_admin":false,"name":"Dimas Okva","company":" Independent","blog":"Website: Masih Dalam Pembuatan","location":"Indonesia, Semarang","email":null,"hireable":null,"bio":"Hanya merealisasikan pemikiran\r\n\r\nokvadimas@gmail.com","twitter_username":null,"public_repos":30,"public_gists":0,"followers":0,"following":0,"created_at":"2019-05-15T04:30:11Z","updated_at":"2023-12-21T14:58:02Z","private_gists":0,"total_private_repos":0,"owned_private_repos":0,"disk_usage":8495,"collaborators":0,"two_factor_authentication":false,"plan":{"name":"pro","space":976562499,"collaborators":0,"private_repos":9999}}
[info] 
[info] +  Success! Logged into GitHub as Okvadimas 
[info] 
